<?xml version="1.0" encoding="UTF-8"?>
<coverage generated="1709239293251" clover="3.2.0">
  <project timestamp="1709239293251" name="All files">
    <metrics statements="5" coveredstatements="5" conditionals="8" coveredconditionals="7" methods="1" coveredmethods="1" elements="14" coveredelements="13" complexity="0" loc="5" ncloc="5" packages="1" files="1" classes="1"/>
    <file name="economia.js" path="C:\Users\romeo\OneDrive\Área de Trabalho\DoDev\base-solida\PraticaTestes\economia.js">
      <metrics statements="5" coveredstatements="5" conditionals="8" coveredconditionals="7" methods="1" coveredmethods="1"/>
      <line num="2" count="4" type="cond" truecount="2" falsecount="0"/>
      <line num="3" count="3" type="cond" truecount="2" falsecount="0"/>
      <line num="4" count="2" type="cond" truecount="2" falsecount="0"/>
      <line num="5" count="1" type="cond" truecount="1" falsecount="1"/>
      <line num="8" count="1" type="stmt"/>
    </file>
  </project>
</coverage>
