{"C:\\Users\\romeo\\OneDrive\\Área de Trabalho\\DoDev\\base-solida\\PraticaTestes\\economia.js": {"path":"C:\\Users\\romeo\\OneDrive\\Área de Trabalho\\DoDev\\base-solida\\PraticaTestes\\economia.js","statementMap":{"0":{"start":{"line":2,"column":2},"end":{"line":2,"column":34}},"1":{"start":{"line":2,"column":21},"end":{"line":2,"column":34}},"2":{"start":{"line":3,"column":2},"end":{"line":3,"column":66}},"3":{"start":{"line":3,"column":53},"end":{"line":3,"column":66}},"4":{"start":{"line":4,"column":2},"end":{"line":4,"column":66}},"5":{"start":{"line":4,"column":34},"end":{"line":4,"column":66}},"6":{"start":{"line":5,"column":2},"end":{"line":5,"column":64}},"7":{"start":{"line":5,"column":32},"end":{"line":5,"column":64}},"8":{"start":{"line":8,"column":0},"end":{"line":8,"column":32}}},"fnMap":{"0":{"name":"desempenho","decl":{"start":{"line":1,"column":9},"end":{"line":1,"column":19}},"loc":{"start":{"line":1,"column":44},"end":{"line":6,"column":1}},"line":1}},"branchMap":{"0":{"loc":{"start":{"line":2,"column":2},"end":{"line":2,"column":34}},"type":"if","locations":[{"start":{"line":2,"column":2},"end":{"line":2,"column":34}},{"start":{},"end":{}}],"line":2},"1":{"loc":{"start":{"line":3,"column":2},"end":{"line":3,"column":66}},"type":"if","locations":[{"start":{"line":3,"column":2},"end":{"line":3,"column":66}},{"start":{},"end":{}}],"line":3},"2":{"loc":{"start":{"line":4,"column":2},"end":{"line":4,"column":66}},"type":"if","locations":[{"start":{"line":4,"column":2},"end":{"line":4,"column":66}},{"start":{},"end":{}}],"line":4},"3":{"loc":{"start":{"line":5,"column":2},"end":{"line":5,"column":64}},"type":"if","locations":[{"start":{"line":5,"column":2},"end":{"line":5,"column":64}},{"start":{},"end":{}}],"line":5}},"s":{"0":4,"1":1,"2":3,"3":1,"4":2,"5":1,"6":1,"7":1,"8":1},"f":{"0":4},"b":{"0":[1,3],"1":[1,2],"2":[1,1],"3":[1,0]},"_coverageSchema":"1a1c01bbd47fc00a2c39e90264f33305004495a9","hash":"8f9dba9022e84580a98faf0025aaca87eaee187f"}
}
